<?xml version="1.0" encoding="UTF-8"?>
<!-- Generated by org.testng.reporters.JUnitXMLReporter -->
<testsuite ignored="0" hostname="USER-PC" failures="0" tests="13" name="Contact Page Test Cases" time="247.084" errors="0" timestamp="2023-07-25T16:34:52 IST">
  <testcase classname="TestLayer.LoginPageTest" name="loginFunctionality" time="8.996"/>
  <testcase classname="TestLayer.HomePageTest" name="validateHomePageTitle" time="0.038"/>
  <testcase classname="TestLayer.HomePageTest" name="validateHomePageUrl" time="0.024"/>
  <testcase classname="TestLayer.ContactPageTest" name="validateNewContactFunctionality" time="23.988"/>
  <testcase classname="TestLayer.ContactPageTest" name="validateNewContactFunctionality" time="17.1"/>
  <testcase classname="TestLayer.ContactPageTest" name="validateNewContactFunctionality" time="16.922"/>
  <testcase classname="TestLayer.ContactPageTest" name="validateNewContactFunctionality" time="18.265"/>
  <testcase classname="TestLayer.ContactPageTest" name="validateNewContactFunctionality" time="17.478"/>
  <testcase classname="TestLayer.ContactPageTest" name="validateNewContactFunctionality" time="17.153"/>
  <testcase classname="TestLayer.ContactPageTest" name="validateNewContactFunctionality" time="17.197"/>
  <testcase classname="TestLayer.ContactPageTest" name="validateNewContactFunctionality" time="17.646"/>
  <testcase classname="TestLayer.ContactPageTest" name="validateNewContactFunctionality" time="17.583"/>
  <testcase classname="TestLayer.ContactPageTest" name="validateNewContactFunctionality" time="16.273"/>
</testsuite> <!-- Contact Page Test Cases -->
